[DEBUG][20-12-22][org.apache.ibatis.logging.LogFactory]Logging initialized using 'class org.apache.ibatis.logging.log4j.Log4jImpl' adapter.
[DEBUG][20-12-22][org.apache.ibatis.logging.LogFactory]Logging initialized using 'class org.apache.ibatis.logging.log4j.Log4jImpl' adapter.
[DEBUG][20-12-22][org.apache.ibatis.datasource.pooled.PooledDataSource]PooledDataSource forcefully closed/removed all connections.
[DEBUG][20-12-22][org.apache.ibatis.datasource.pooled.PooledDataSource]PooledDataSource forcefully closed/removed all connections.
[DEBUG][20-12-22][org.apache.ibatis.datasource.pooled.PooledDataSource]PooledDataSource forcefully closed/removed all connections.
[DEBUG][20-12-22][org.apache.ibatis.datasource.pooled.PooledDataSource]PooledDataSource forcefully closed/removed all connections.
[DEBUG][20-12-22][org.apache.ibatis.transaction.jdbc.JdbcTransaction]Opening JDBC Connection
[DEBUG][20-12-22][org.apache.ibatis.datasource.pooled.PooledDataSource]Created connection 1703009290.
[DEBUG][20-12-22][org.apache.ibatis.transaction.jdbc.JdbcTransaction]Setting autocommit to false on JDBC Connection [com.mysql.cj.jdbc.ConnectionImpl@6581dc0a]
[DEBUG][20-12-22][com.lgq.dao.UserMapper.getUserById]==>  Preparing: select * from mybatis.user where id = ? 
[DEBUG][20-12-22][com.lgq.dao.UserMapper.getUserById]==> Parameters: 1(Integer)
[DEBUG][20-12-22][com.lgq.dao.UserMapper.getUserById]<==      Total: 1
[DEBUG][20-12-22][org.apache.ibatis.transaction.jdbc.JdbcTransaction]Resetting autocommit to true on JDBC Connection [com.mysql.cj.jdbc.ConnectionImpl@6581dc0a]
[DEBUG][20-12-22][org.apache.ibatis.transaction.jdbc.JdbcTransaction]Closing JDBC Connection [com.mysql.cj.jdbc.ConnectionImpl@6581dc0a]
[DEBUG][20-12-22][org.apache.ibatis.datasource.pooled.PooledDataSource]Returned connection 1703009290 to pool.
[INFO][20-12-22][com.lgq.dao.UserMapperTest]info：进入selectUser方法
[DEBUG][20-12-22][com.lgq.dao.UserMapperTest]debug：进入selectUser方法
[ERROR][20-12-22][com.lgq.dao.UserMapperTest]error: 进入selectUser方法
[DEBUG][20-12-22][org.apache.ibatis.logging.LogFactory]Logging initialized using 'class org.apache.ibatis.logging.log4j.Log4jImpl' adapter.
[DEBUG][20-12-22][org.apache.ibatis.logging.LogFactory]Logging initialized using 'class org.apache.ibatis.logging.log4j.Log4jImpl' adapter.
[DEBUG][20-12-22][org.apache.ibatis.datasource.pooled.PooledDataSource]PooledDataSource forcefully closed/removed all connections.
[DEBUG][20-12-22][org.apache.ibatis.datasource.pooled.PooledDataSource]PooledDataSource forcefully closed/removed all connections.
[DEBUG][20-12-22][org.apache.ibatis.datasource.pooled.PooledDataSource]PooledDataSource forcefully closed/removed all connections.
[DEBUG][20-12-22][org.apache.ibatis.datasource.pooled.PooledDataSource]PooledDataSource forcefully closed/removed all connections.
[DEBUG][20-12-22][org.apache.ibatis.transaction.jdbc.JdbcTransaction]Opening JDBC Connection
[DEBUG][20-12-22][org.apache.ibatis.datasource.pooled.PooledDataSource]Created connection 473153915.
[DEBUG][20-12-22][org.apache.ibatis.transaction.jdbc.JdbcTransaction]Setting autocommit to false on JDBC Connection [com.mysql.cj.jdbc.ConnectionImpl@1c33c17b]
[DEBUG][20-12-22][com.lgq.dao.UserMapper.getUserList]==>  Preparing: select * from mybatis.user 
[DEBUG][20-12-22][com.lgq.dao.UserMapper.getUserList]==> Parameters: 
[DEBUG][20-12-22][com.lgq.dao.UserMapper.getUserList]<==      Total: 9
[DEBUG][20-12-22][org.apache.ibatis.transaction.jdbc.JdbcTransaction]Resetting autocommit to true on JDBC Connection [com.mysql.cj.jdbc.ConnectionImpl@1c33c17b]
[DEBUG][20-12-22][org.apache.ibatis.transaction.jdbc.JdbcTransaction]Closing JDBC Connection [com.mysql.cj.jdbc.ConnectionImpl@1c33c17b]
[DEBUG][20-12-22][org.apache.ibatis.datasource.pooled.PooledDataSource]Returned connection 473153915 to pool.
[INFO][20-12-22][com.lgq.dao.UserMapperTest]info：进入getUserList方法
[DEBUG][20-12-22][com.lgq.dao.UserMapperTest]debug：进入getUserList方法
[ERROR][20-12-22][com.lgq.dao.UserMapperTest]error: 进入getUserList方法
[DEBUG][20-12-22][org.apache.ibatis.logging.LogFactory]Logging initialized using 'class org.apache.ibatis.logging.log4j.Log4jImpl' adapter.
[DEBUG][20-12-22][org.apache.ibatis.logging.LogFactory]Logging initialized using 'class org.apache.ibatis.logging.log4j.Log4jImpl' adapter.
[DEBUG][20-12-22][org.apache.ibatis.datasource.pooled.PooledDataSource]PooledDataSource forcefully closed/removed all connections.
[DEBUG][20-12-22][org.apache.ibatis.datasource.pooled.PooledDataSource]PooledDataSource forcefully closed/removed all connections.
[DEBUG][20-12-22][org.apache.ibatis.datasource.pooled.PooledDataSource]PooledDataSource forcefully closed/removed all connections.
[DEBUG][20-12-22][org.apache.ibatis.datasource.pooled.PooledDataSource]PooledDataSource forcefully closed/removed all connections.
[DEBUG][20-12-22][org.apache.ibatis.transaction.jdbc.JdbcTransaction]Opening JDBC Connection
[DEBUG][20-12-22][org.apache.ibatis.datasource.pooled.PooledDataSource]Created connection 473153915.
[DEBUG][20-12-22][org.apache.ibatis.transaction.jdbc.JdbcTransaction]Setting autocommit to false on JDBC Connection [com.mysql.cj.jdbc.ConnectionImpl@1c33c17b]
[DEBUG][20-12-22][com.lgq.dao.UserMapper.getUserList]==>  Preparing: select * from mybatis.user 
[DEBUG][20-12-22][com.lgq.dao.UserMapper.getUserList]==> Parameters: 
[DEBUG][20-12-22][com.lgq.dao.UserMapper.getUserList]<==      Total: 9
[DEBUG][20-12-22][org.apache.ibatis.transaction.jdbc.JdbcTransaction]Resetting autocommit to true on JDBC Connection [com.mysql.cj.jdbc.ConnectionImpl@1c33c17b]
[DEBUG][20-12-22][org.apache.ibatis.transaction.jdbc.JdbcTransaction]Closing JDBC Connection [com.mysql.cj.jdbc.ConnectionImpl@1c33c17b]
[DEBUG][20-12-22][org.apache.ibatis.datasource.pooled.PooledDataSource]Returned connection 473153915 to pool.
[INFO][20-12-22][com.lgq.dao.UserMapperTest]info：进入getUserById方法
[DEBUG][20-12-22][org.apache.ibatis.logging.LogFactory]Logging initialized using 'class org.apache.ibatis.logging.log4j.Log4jImpl' adapter.
[DEBUG][20-12-22][org.apache.ibatis.logging.LogFactory]Logging initialized using 'class org.apache.ibatis.logging.log4j.Log4jImpl' adapter.
[DEBUG][20-12-22][org.apache.ibatis.datasource.pooled.PooledDataSource]PooledDataSource forcefully closed/removed all connections.
[DEBUG][20-12-22][org.apache.ibatis.datasource.pooled.PooledDataSource]PooledDataSource forcefully closed/removed all connections.
[DEBUG][20-12-22][org.apache.ibatis.datasource.pooled.PooledDataSource]PooledDataSource forcefully closed/removed all connections.
[DEBUG][20-12-22][org.apache.ibatis.datasource.pooled.PooledDataSource]PooledDataSource forcefully closed/removed all connections.
[DEBUG][20-12-22][org.apache.ibatis.transaction.jdbc.JdbcTransaction]Opening JDBC Connection
[DEBUG][20-12-22][org.apache.ibatis.datasource.pooled.PooledDataSource]Created connection 970865974.
[DEBUG][20-12-22][org.apache.ibatis.transaction.jdbc.JdbcTransaction]Setting autocommit to false on JDBC Connection [com.mysql.cj.jdbc.ConnectionImpl@39de3d36]
[DEBUG][20-12-22][com.lgq.dao.UserMapper.getUserById]==>  Preparing: select * from mybatis.user where id = ? 
[DEBUG][20-12-22][com.lgq.dao.UserMapper.getUserById]==> Parameters: 1(Integer)
[DEBUG][20-12-22][com.lgq.dao.UserMapper.getUserById]<==      Total: 1
[DEBUG][20-12-22][org.apache.ibatis.transaction.jdbc.JdbcTransaction]Resetting autocommit to true on JDBC Connection [com.mysql.cj.jdbc.ConnectionImpl@39de3d36]
[DEBUG][20-12-22][org.apache.ibatis.transaction.jdbc.JdbcTransaction]Closing JDBC Connection [com.mysql.cj.jdbc.ConnectionImpl@39de3d36]
[DEBUG][20-12-22][org.apache.ibatis.datasource.pooled.PooledDataSource]Returned connection 970865974 to pool.
[DEBUG][20-12-22][org.apache.ibatis.logging.LogFactory]Logging initialized using 'class org.apache.ibatis.logging.log4j.Log4jImpl' adapter.
[DEBUG][20-12-22][org.apache.ibatis.logging.LogFactory]Logging initialized using 'class org.apache.ibatis.logging.log4j.Log4jImpl' adapter.
[DEBUG][20-12-22][org.apache.ibatis.datasource.pooled.PooledDataSource]PooledDataSource forcefully closed/removed all connections.
[DEBUG][20-12-22][org.apache.ibatis.datasource.pooled.PooledDataSource]PooledDataSource forcefully closed/removed all connections.
[DEBUG][20-12-22][org.apache.ibatis.datasource.pooled.PooledDataSource]PooledDataSource forcefully closed/removed all connections.
[DEBUG][20-12-22][org.apache.ibatis.datasource.pooled.PooledDataSource]PooledDataSource forcefully closed/removed all connections.
[DEBUG][20-12-22][org.apache.ibatis.transaction.jdbc.JdbcTransaction]Opening JDBC Connection
[DEBUG][20-12-22][org.apache.ibatis.datasource.pooled.PooledDataSource]Created connection 1424482154.
[DEBUG][20-12-22][org.apache.ibatis.transaction.jdbc.JdbcTransaction]Setting autocommit to false on JDBC Connection [com.mysql.cj.jdbc.ConnectionImpl@54e7df6a]
[DEBUG][20-12-22][com.lgq.dao.UserMapper.getUserByLimit]==>  Preparing: select * from mybatis.user limit ?,? 
[DEBUG][20-12-22][com.lgq.dao.UserMapper.getUserByLimit]==> Parameters: 2(Integer), 5(Integer)
[DEBUG][20-12-22][com.lgq.dao.UserMapper.getUserByLimit]<==      Total: 5
[DEBUG][20-12-22][org.apache.ibatis.logging.LogFactory]Logging initialized using 'class org.apache.ibatis.logging.log4j.Log4jImpl' adapter.
[DEBUG][20-12-22][org.apache.ibatis.logging.LogFactory]Logging initialized using 'class org.apache.ibatis.logging.log4j.Log4jImpl' adapter.
[DEBUG][20-12-22][org.apache.ibatis.datasource.pooled.PooledDataSource]PooledDataSource forcefully closed/removed all connections.
[DEBUG][20-12-22][org.apache.ibatis.datasource.pooled.PooledDataSource]PooledDataSource forcefully closed/removed all connections.
[DEBUG][20-12-22][org.apache.ibatis.datasource.pooled.PooledDataSource]PooledDataSource forcefully closed/removed all connections.
[DEBUG][20-12-22][org.apache.ibatis.datasource.pooled.PooledDataSource]PooledDataSource forcefully closed/removed all connections.
[DEBUG][20-12-22][org.apache.ibatis.transaction.jdbc.JdbcTransaction]Opening JDBC Connection
[DEBUG][20-12-22][org.apache.ibatis.datasource.pooled.PooledDataSource]Created connection 1424482154.
[DEBUG][20-12-22][org.apache.ibatis.transaction.jdbc.JdbcTransaction]Setting autocommit to false on JDBC Connection [com.mysql.cj.jdbc.ConnectionImpl@54e7df6a]
[DEBUG][20-12-22][com.lgq.dao.UserMapper.getUserByLimit]==>  Preparing: select * from mybatis.user limit ?,? 
[DEBUG][20-12-22][com.lgq.dao.UserMapper.getUserByLimit]==> Parameters: 2(Integer), 5(Integer)
[DEBUG][20-12-22][com.lgq.dao.UserMapper.getUserByLimit]<==      Total: 5
[DEBUG][20-12-22][org.apache.ibatis.transaction.jdbc.JdbcTransaction]Resetting autocommit to true on JDBC Connection [com.mysql.cj.jdbc.ConnectionImpl@54e7df6a]
[DEBUG][20-12-22][org.apache.ibatis.transaction.jdbc.JdbcTransaction]Closing JDBC Connection [com.mysql.cj.jdbc.ConnectionImpl@54e7df6a]
[DEBUG][20-12-22][org.apache.ibatis.datasource.pooled.PooledDataSource]Returned connection 1424482154 to pool.
[DEBUG][20-12-23][org.apache.ibatis.logging.LogFactory]Logging initialized using 'class org.apache.ibatis.logging.log4j.Log4jImpl' adapter.
[DEBUG][20-12-23][org.apache.ibatis.logging.LogFactory]Logging initialized using 'class org.apache.ibatis.logging.log4j.Log4jImpl' adapter.
[DEBUG][20-12-23][org.apache.ibatis.datasource.pooled.PooledDataSource]PooledDataSource forcefully closed/removed all connections.
[DEBUG][20-12-23][org.apache.ibatis.datasource.pooled.PooledDataSource]PooledDataSource forcefully closed/removed all connections.
[DEBUG][20-12-23][org.apache.ibatis.datasource.pooled.PooledDataSource]PooledDataSource forcefully closed/removed all connections.
[DEBUG][20-12-23][org.apache.ibatis.datasource.pooled.PooledDataSource]PooledDataSource forcefully closed/removed all connections.
[DEBUG][20-12-23][org.apache.ibatis.transaction.jdbc.JdbcTransaction]Opening JDBC Connection
[DEBUG][20-12-23][org.apache.ibatis.datasource.pooled.PooledDataSource]Created connection 1424482154.
[DEBUG][20-12-23][org.apache.ibatis.transaction.jdbc.JdbcTransaction]Setting autocommit to false on JDBC Connection [com.mysql.cj.jdbc.ConnectionImpl@54e7df6a]
[DEBUG][20-12-23][com.lgq.dao.UserMapper.getUserByLimit]==>  Preparing: select * from mybatis.user limit ?,? 
[DEBUG][20-12-23][com.lgq.dao.UserMapper.getUserByLimit]==> Parameters: 2(Integer), 5(Integer)
[DEBUG][20-12-23][com.lgq.dao.UserMapper.getUserByLimit]<==      Total: 5
[DEBUG][20-12-23][org.apache.ibatis.transaction.jdbc.JdbcTransaction]Resetting autocommit to true on JDBC Connection [com.mysql.cj.jdbc.ConnectionImpl@54e7df6a]
[DEBUG][20-12-23][org.apache.ibatis.transaction.jdbc.JdbcTransaction]Closing JDBC Connection [com.mysql.cj.jdbc.ConnectionImpl@54e7df6a]
[DEBUG][20-12-23][org.apache.ibatis.datasource.pooled.PooledDataSource]Returned connection 1424482154 to pool.
[DEBUG][20-12-23][org.apache.ibatis.logging.LogFactory]Logging initialized using 'class org.apache.ibatis.logging.log4j.Log4jImpl' adapter.
[DEBUG][20-12-23][org.apache.ibatis.logging.LogFactory]Logging initialized using 'class org.apache.ibatis.logging.log4j.Log4jImpl' adapter.
[DEBUG][20-12-23][org.apache.ibatis.datasource.pooled.PooledDataSource]PooledDataSource forcefully closed/removed all connections.
[DEBUG][20-12-23][org.apache.ibatis.datasource.pooled.PooledDataSource]PooledDataSource forcefully closed/removed all connections.
[DEBUG][20-12-23][org.apache.ibatis.datasource.pooled.PooledDataSource]PooledDataSource forcefully closed/removed all connections.
[DEBUG][20-12-23][org.apache.ibatis.datasource.pooled.PooledDataSource]PooledDataSource forcefully closed/removed all connections.
[DEBUG][20-12-23][org.apache.ibatis.transaction.jdbc.JdbcTransaction]Opening JDBC Connection
[DEBUG][20-12-23][org.apache.ibatis.datasource.pooled.PooledDataSource]Created connection 1424482154.
[DEBUG][20-12-23][org.apache.ibatis.transaction.jdbc.JdbcTransaction]Setting autocommit to false on JDBC Connection [com.mysql.cj.jdbc.ConnectionImpl@54e7df6a]
[DEBUG][20-12-23][com.lgq.dao.UserMapper.getUserByLimit]==>  Preparing: select * from mybatis.user limit ?,? 
[DEBUG][20-12-23][com.lgq.dao.UserMapper.getUserByLimit]==> Parameters: 2(Integer), 3(Integer)
[DEBUG][20-12-23][com.lgq.dao.UserMapper.getUserByLimit]<==      Total: 3
[DEBUG][20-12-23][org.apache.ibatis.transaction.jdbc.JdbcTransaction]Resetting autocommit to true on JDBC Connection [com.mysql.cj.jdbc.ConnectionImpl@54e7df6a]
[DEBUG][20-12-23][org.apache.ibatis.transaction.jdbc.JdbcTransaction]Closing JDBC Connection [com.mysql.cj.jdbc.ConnectionImpl@54e7df6a]
[DEBUG][20-12-23][org.apache.ibatis.datasource.pooled.PooledDataSource]Returned connection 1424482154 to pool.
